2020-03-16 06:24:51 Error: [Cake\Controller\Exception\MissingActionException] Action PostsController::posts() could not be found, or is not accessible. (C:\xampp\htdocs\ck_editor\vendor\cakephp\cakephp\src\Controller\Controller.php:599)
Exception Attributes: array (
  'controller' => 'PostsController',
  'action' => 'posts',
  'prefix' => '',
  'plugin' => false,
)
#0 C:\xampp\htdocs\ck_editor\vendor\cakephp\cakephp\src\Http\ActionDispatcher.php(120): Cake\Controller\Controller->invokeAction()
#1 C:\xampp\htdocs\ck_editor\vendor\cakephp\cakephp\src\Http\ActionDispatcher.php(94): Cake\Http\ActionDispatcher->_invoke(Object(App\Controller\PostsController))
#2 C:\xampp\htdocs\ck_editor\vendor\cakephp\cakephp\src\Http\BaseApplication.php(234): Cake\Http\ActionDispatcher->dispatch(Object(Cake\Http\ServerRequest), Object(Cake\Http\Response))
#3 C:\xampp\htdocs\ck_editor\vendor\cakephp\cakephp\src\Http\Runner.php(65): Cake\Http\BaseApplication->__invoke(Object(Cake\Http\ServerRequest), Object(Cake\Http\Response), Object(Cake\Http\Runner))
#4 C:\xampp\htdocs\ck_editor\vendor\cakephp\cakephp\src\Http\Runner.php(65): Cake\Http\Runner->__invoke(Object(Cake\Http\ServerRequest), Object(Cake\Http\Response), Object(Cake\Http\Runner))
#5 C:\xampp\htdocs\ck_editor\vendor\cakephp\cakephp\src\Http\Middleware\CsrfProtectionMiddleware.php(124): Cake\Http\Runner->__invoke(Object(Cake\Http\ServerRequest), Object(Cake\Http\Response))
#6 C:\xampp\htdocs\ck_editor\vendor\cakephp\cakephp\src\Http\Runner.php(65): Cake\Http\Middleware\CsrfProtectionMiddleware->__invoke(Object(Cake\Http\ServerRequest), Object(Cake\Http\Response), Object(Cake\Http\Runner))
#7 C:\xampp\htdocs\ck_editor\vendor\cakephp\cakephp\src\Http\Runner.php(51): Cake\Http\Runner->__invoke(Object(Cake\Http\ServerRequest), Object(Cake\Http\Response))
#8 C:\xampp\htdocs\ck_editor\vendor\cakephp\cakephp\src\Routing\Middleware\RoutingMiddleware.php(168): Cake\Http\Runner->run(Object(Cake\Http\MiddlewareQueue), Object(Cake\Http\ServerRequest), Object(Cake\Http\Response))
#9 C:\xampp\htdocs\ck_editor\vendor\cakephp\cakephp\src\Http\Runner.php(65): Cake\Routing\Middleware\RoutingMiddleware->__invoke(Object(Cake\Http\ServerRequest), Object(Cake\Http\Response), Object(Cake\Http\Runner))
#10 C:\xampp\htdocs\ck_editor\vendor\cakephp\cakephp\src\Routing\Middleware\AssetMiddleware.php(88): Cake\Http\Runner->__invoke(Object(Cake\Http\ServerRequest), Object(Cake\Http\Response))
#11 C:\xampp\htdocs\ck_editor\vendor\cakephp\cakephp\src\Http\Runner.php(65): Cake\Routing\Middleware\AssetMiddleware->__invoke(Object(Cake\Http\ServerRequest), Object(Cake\Http\Response), Object(Cake\Http\Runner))
#12 C:\xampp\htdocs\ck_editor\vendor\cakephp\cakephp\src\Error\Middleware\ErrorHandlerMiddleware.php(96): Cake\Http\Runner->__invoke(Object(Cake\Http\ServerRequest), Object(Cake\Http\Response))
#13 C:\xampp\htdocs\ck_editor\vendor\cakephp\cakephp\src\Http\Runner.php(65): Cake\Error\Middleware\ErrorHandlerMiddleware->__invoke(Object(Cake\Http\ServerRequest), Object(Cake\Http\Response), Object(Cake\Http\Runner))
#14 C:\xampp\htdocs\ck_editor\vendor\cakephp\debug_kit\src\Middleware\DebugKitMiddleware.php(53): Cake\Http\Runner->__invoke(Object(Cake\Http\ServerRequest), Object(Cake\Http\Response))
#15 C:\xampp\htdocs\ck_editor\vendor\cakephp\cakephp\src\Http\Runner.php(65): DebugKit\Middleware\DebugKitMiddleware->__invoke(Object(Cake\Http\ServerRequest), Object(Cake\Http\Response), Object(Cake\Http\Runner))
#16 C:\xampp\htdocs\ck_editor\vendor\cakephp\cakephp\src\Http\Runner.php(51): Cake\Http\Runner->__invoke(Object(Cake\Http\ServerRequest), Object(Cake\Http\Response))
#17 C:\xampp\htdocs\ck_editor\vendor\cakephp\cakephp\src\Http\Server.php(97): Cake\Http\Runner->run(Object(Cake\Http\MiddlewareQueue), Object(Cake\Http\ServerRequest), Object(Cake\Http\Response))
#18 C:\xampp\htdocs\ck_editor\webroot\index.php(40): Cake\Http\Server->run()
#19 {main}
Request URL: /


2020-03-16 06:31:04 Error: [Cake\Routing\Exception\MissingControllerException] Controller class Ckeditor could not be found. (C:\xampp\htdocs\ck_editor\vendor\cakephp\cakephp\src\Http\ControllerFactory.php:105)
Exception Attributes: array (
  'class' => 'Ckeditor',
  'plugin' => false,
  'prefix' => false,
  '_ext' => false,
)
#0 C:\xampp\htdocs\ck_editor\vendor\cakephp\cakephp\src\Http\ControllerFactory.php(39): Cake\Http\ControllerFactory->missingController(Object(Cake\Http\ServerRequest))
#1 C:\xampp\htdocs\ck_editor\vendor\cakephp\cakephp\src\Http\ActionDispatcher.php(91): Cake\Http\ControllerFactory->create(Object(Cake\Http\ServerRequest), Object(Cake\Http\Response))
#2 C:\xampp\htdocs\ck_editor\vendor\cakephp\cakephp\src\Http\BaseApplication.php(234): Cake\Http\ActionDispatcher->dispatch(Object(Cake\Http\ServerRequest), Object(Cake\Http\Response))
#3 C:\xampp\htdocs\ck_editor\vendor\cakephp\cakephp\src\Http\Runner.php(65): Cake\Http\BaseApplication->__invoke(Object(Cake\Http\ServerRequest), Object(Cake\Http\Response), Object(Cake\Http\Runner))
#4 C:\xampp\htdocs\ck_editor\vendor\cakephp\cakephp\src\Http\Runner.php(65): Cake\Http\Runner->__invoke(Object(Cake\Http\ServerRequest), Object(Cake\Http\Response), Object(Cake\Http\Runner))
#5 C:\xampp\htdocs\ck_editor\vendor\cakephp\cakephp\src\Http\Middleware\CsrfProtectionMiddleware.php(124): Cake\Http\Runner->__invoke(Object(Cake\Http\ServerRequest), Object(Cake\Http\Response))
#6 C:\xampp\htdocs\ck_editor\vendor\cakephp\cakephp\src\Http\Runner.php(65): Cake\Http\Middleware\CsrfProtectionMiddleware->__invoke(Object(Cake\Http\ServerRequest), Object(Cake\Http\Response), Object(Cake\Http\Runner))
#7 C:\xampp\htdocs\ck_editor\vendor\cakephp\cakephp\src\Http\Runner.php(51): Cake\Http\Runner->__invoke(Object(Cake\Http\ServerRequest), Object(Cake\Http\Response))
#8 C:\xampp\htdocs\ck_editor\vendor\cakephp\cakephp\src\Routing\Middleware\RoutingMiddleware.php(168): Cake\Http\Runner->run(Object(Cake\Http\MiddlewareQueue), Object(Cake\Http\ServerRequest), Object(Cake\Http\Response))
#9 C:\xampp\htdocs\ck_editor\vendor\cakephp\cakephp\src\Http\Runner.php(65): Cake\Routing\Middleware\RoutingMiddleware->__invoke(Object(Cake\Http\ServerRequest), Object(Cake\Http\Response), Object(Cake\Http\Runner))
#10 C:\xampp\htdocs\ck_editor\vendor\cakephp\cakephp\src\Routing\Middleware\AssetMiddleware.php(97): Cake\Http\Runner->__invoke(Object(Cake\Http\ServerRequest), Object(Cake\Http\Response))
#11 C:\xampp\htdocs\ck_editor\vendor\cakephp\cakephp\src\Http\Runner.php(65): Cake\Routing\Middleware\AssetMiddleware->__invoke(Object(Cake\Http\ServerRequest), Object(Cake\Http\Response), Object(Cake\Http\Runner))
#12 C:\xampp\htdocs\ck_editor\vendor\cakephp\cakephp\src\Error\Middleware\ErrorHandlerMiddleware.php(96): Cake\Http\Runner->__invoke(Object(Cake\Http\ServerRequest), Object(Cake\Http\Response))
#13 C:\xampp\htdocs\ck_editor\vendor\cakephp\cakephp\src\Http\Runner.php(65): Cake\Error\Middleware\ErrorHandlerMiddleware->__invoke(Object(Cake\Http\ServerRequest), Object(Cake\Http\Response), Object(Cake\Http\Runner))
#14 C:\xampp\htdocs\ck_editor\vendor\cakephp\debug_kit\src\Middleware\DebugKitMiddleware.php(53): Cake\Http\Runner->__invoke(Object(Cake\Http\ServerRequest), Object(Cake\Http\Response))
#15 C:\xampp\htdocs\ck_editor\vendor\cakephp\cakephp\src\Http\Runner.php(65): DebugKit\Middleware\DebugKitMiddleware->__invoke(Object(Cake\Http\ServerRequest), Object(Cake\Http\Response), Object(Cake\Http\Runner))
#16 C:\xampp\htdocs\ck_editor\vendor\cakephp\cakephp\src\Http\Runner.php(51): Cake\Http\Runner->__invoke(Object(Cake\Http\ServerRequest), Object(Cake\Http\Response))
#17 C:\xampp\htdocs\ck_editor\vendor\cakephp\cakephp\src\Http\Server.php(97): Cake\Http\Runner->run(Object(Cake\Http\MiddlewareQueue), Object(Cake\Http\ServerRequest), Object(Cake\Http\Response))
#18 C:\xampp\htdocs\ck_editor\webroot\index.php(40): Cake\Http\Server->run()
#19 {main}
Request URL: /ckeditor/ckeditor.js
Referer URL: http://localhost:8080/ck_editor/posts/add


2020-03-16 06:31:41 Error: [Cake\Routing\Exception\MissingControllerException] Controller class Js could not be found. (C:\xampp\htdocs\ck_editor\vendor\cakephp\cakephp\src\Http\ControllerFactory.php:105)
Exception Attributes: array (
  'class' => 'Js',
  'plugin' => false,
  'prefix' => false,
  '_ext' => false,
)
#0 C:\xampp\htdocs\ck_editor\vendor\cakephp\cakephp\src\Http\ControllerFactory.php(39): Cake\Http\ControllerFactory->missingController(Object(Cake\Http\ServerRequest))
#1 C:\xampp\htdocs\ck_editor\vendor\cakephp\cakephp\src\Http\ActionDispatcher.php(91): Cake\Http\ControllerFactory->create(Object(Cake\Http\ServerRequest), Object(Cake\Http\Response))
#2 C:\xampp\htdocs\ck_editor\vendor\cakephp\cakephp\src\Http\BaseApplication.php(234): Cake\Http\ActionDispatcher->dispatch(Object(Cake\Http\ServerRequest), Object(Cake\Http\Response))
#3 C:\xampp\htdocs\ck_editor\vendor\cakephp\cakephp\src\Http\Runner.php(65): Cake\Http\BaseApplication->__invoke(Object(Cake\Http\ServerRequest), Object(Cake\Http\Response), Object(Cake\Http\Runner))
#4 C:\xampp\htdocs\ck_editor\vendor\cakephp\cakephp\src\Http\Runner.php(65): Cake\Http\Runner->__invoke(Object(Cake\Http\ServerRequest), Object(Cake\Http\Response), Object(Cake\Http\Runner))
#5 C:\xampp\htdocs\ck_editor\vendor\cakephp\cakephp\src\Http\Middleware\CsrfProtectionMiddleware.php(124): Cake\Http\Runner->__invoke(Object(Cake\Http\ServerRequest), Object(Cake\Http\Response))
#6 C:\xampp\htdocs\ck_editor\vendor\cakephp\cakephp\src\Http\Runner.php(65): Cake\Http\Middleware\CsrfProtectionMiddleware->__invoke(Object(Cake\Http\ServerRequest), Object(Cake\Http\Response), Object(Cake\Http\Runner))
#7 C:\xampp\htdocs\ck_editor\vendor\cakephp\cakephp\src\Http\Runner.php(51): Cake\Http\Runner->__invoke(Object(Cake\Http\ServerRequest), Object(Cake\Http\Response))
#8 C:\xampp\htdocs\ck_editor\vendor\cakephp\cakephp\src\Routing\Middleware\RoutingMiddleware.php(168): Cake\Http\Runner->run(Object(Cake\Http\MiddlewareQueue), Object(Cake\Http\ServerRequest), Object(Cake\Http\Response))
#9 C:\xampp\htdocs\ck_editor\vendor\cakephp\cakephp\src\Http\Runner.php(65): Cake\Routing\Middleware\RoutingMiddleware->__invoke(Object(Cake\Http\ServerRequest), Object(Cake\Http\Response), Object(Cake\Http\Runner))
#10 C:\xampp\htdocs\ck_editor\vendor\cakephp\cakephp\src\Routing\Middleware\AssetMiddleware.php(97): Cake\Http\Runner->__invoke(Object(Cake\Http\ServerRequest), Object(Cake\Http\Response))
#11 C:\xampp\htdocs\ck_editor\vendor\cakephp\cakephp\src\Http\Runner.php(65): Cake\Routing\Middleware\AssetMiddleware->__invoke(Object(Cake\Http\ServerRequest), Object(Cake\Http\Response), Object(Cake\Http\Runner))
#12 C:\xampp\htdocs\ck_editor\vendor\cakephp\cakephp\src\Error\Middleware\ErrorHandlerMiddleware.php(96): Cake\Http\Runner->__invoke(Object(Cake\Http\ServerRequest), Object(Cake\Http\Response))
#13 C:\xampp\htdocs\ck_editor\vendor\cakephp\cakephp\src\Http\Runner.php(65): Cake\Error\Middleware\ErrorHandlerMiddleware->__invoke(Object(Cake\Http\ServerRequest), Object(Cake\Http\Response), Object(Cake\Http\Runner))
#14 C:\xampp\htdocs\ck_editor\vendor\cakephp\debug_kit\src\Middleware\DebugKitMiddleware.php(53): Cake\Http\Runner->__invoke(Object(Cake\Http\ServerRequest), Object(Cake\Http\Response))
#15 C:\xampp\htdocs\ck_editor\vendor\cakephp\cakephp\src\Http\Runner.php(65): DebugKit\Middleware\DebugKitMiddleware->__invoke(Object(Cake\Http\ServerRequest), Object(Cake\Http\Response), Object(Cake\Http\Runner))
#16 C:\xampp\htdocs\ck_editor\vendor\cakephp\cakephp\src\Http\Runner.php(51): Cake\Http\Runner->__invoke(Object(Cake\Http\ServerRequest), Object(Cake\Http\Response))
#17 C:\xampp\htdocs\ck_editor\vendor\cakephp\cakephp\src\Http\Server.php(97): Cake\Http\Runner->run(Object(Cake\Http\MiddlewareQueue), Object(Cake\Http\ServerRequest), Object(Cake\Http\Response))
#18 C:\xampp\htdocs\ck_editor\webroot\index.php(40): Cake\Http\Server->run()
#19 {main}
Request URL: /js/js/ckeditor/ckeditor.js
Referer URL: http://localhost:8080/ck_editor/posts/add


2020-03-16 07:02:33 Warning: Warning (2): Declaration of App\Controller\PostsController::beforeFilter(App\Controller\Event $event) should be compatible with Cake\Controller\Controller::beforeFilter(Cake\Event\Event $event) in [C:\xampp\htdocs\ck_editor\src\Controller\PostsController.php, line 5]
Request URL: /posts/add
Referer URL: http://localhost:8080/ck_editor/
Trace:
Cake\Error\BaseErrorHandler::handleError() - CORE\src\Error\BaseErrorHandler.php, line 168
Cake\Core\BasePlugin::{closure}() - ROOT\vendor\cakephp\debug_kit\config\bootstrap.php, line 43
include - APP/Controller\PostsController.php, line 5
Composer\Autoload\includeFile - ROOT\vendor\composer\ClassLoader.php, line 444
Composer\Autoload\ClassLoader::loadClass() - ROOT\vendor\composer\ClassLoader.php, line 322
spl_autoload_call - [internal], line ??
class_exists - [internal], line ??
Cake\Core\App::_classExistsInBase() - CORE\src\Core\App.php, line 151
Cake\Core\App::className() - CORE\src\Core\App.php, line 63
Cake\Http\ControllerFactory::getControllerClass() - CORE\src\Http\ControllerFactory.php, line 93
Cake\Http\ControllerFactory::create() - CORE\src\Http\ControllerFactory.php, line 37
Cake\Http\ActionDispatcher::dispatch() - CORE\src\Http\ActionDispatcher.php, line 91
Cake\Http\BaseApplication::__invoke() - CORE\src\Http\BaseApplication.php, line 234
Cake\Http\Runner::__invoke() - CORE\src\Http\Runner.php, line 65
Cake\Http\Runner::__invoke() - CORE\src\Http\Runner.php, line 65
Cake\Http\Middleware\CsrfProtectionMiddleware::__invoke() - CORE\src\Http\Middleware\CsrfProtectionMiddleware.php, line 124
Cake\Http\Runner::__invoke() - CORE\src\Http\Runner.php, line 65
Cake\Http\Runner::run() - CORE\src\Http\Runner.php, line 51
Cake\Routing\Middleware\RoutingMiddleware::__invoke() - CORE\src\Routing\Middleware\RoutingMiddleware.php, line 168
Cake\Http\Runner::__invoke() - CORE\src\Http\Runner.php, line 65
Cake\Routing\Middleware\AssetMiddleware::__invoke() - CORE\src\Routing\Middleware\AssetMiddleware.php, line 88
Cake\Http\Runner::__invoke() - CORE\src\Http\Runner.php, line 65
Cake\Error\Middleware\ErrorHandlerMiddleware::__invoke() - CORE\src\Error\Middleware\ErrorHandlerMiddleware.php, line 96
Cake\Http\Runner::__invoke() - CORE\src\Http\Runner.php, line 65
DebugKit\Middleware\DebugKitMiddleware::__invoke() - ROOT\vendor\cakephp\debug_kit\src\Middleware\DebugKitMiddleware.php, line 53
Cake\Http\Runner::__invoke() - CORE\src\Http\Runner.php, line 65
Cake\Http\Runner::run() - CORE\src\Http\Runner.php, line 51
Cake\Http\Server::run() - CORE\src\Http\Server.php, line 97
[main] - ROOT\webroot\index.php, line 40



2020-03-16 07:02:34 Error: [TypeError] Argument 1 passed to App\Controller\PostsController::beforeFilter() must be an instance of App\Controller\Event, instance of Cake\Event\Event given, called in C:\xampp\htdocs\ck_editor\vendor\cakephp\cakephp\src\Event\EventManager.php on line 352 (C:\xampp\htdocs\ck_editor\src\Controller\PostsController.php:8)
#0 C:\xampp\htdocs\ck_editor\vendor\cakephp\cakephp\src\Event\EventManager.php(352): App\Controller\PostsController->beforeFilter(Object(Cake\Event\Event))
#1 C:\xampp\htdocs\ck_editor\vendor\cakephp\cakephp\src\Event\EventManager.php(329): Cake\Event\EventManager->_callListener(Array, Object(Cake\Event\Event))
#2 C:\xampp\htdocs\ck_editor\vendor\cakephp\cakephp\src\Event\EventDispatcherTrait.php(113): Cake\Event\EventManager->dispatch(Object(Cake\Event\Event))
#3 C:\xampp\htdocs\ck_editor\vendor\cakephp\cakephp\src\Controller\Controller.php(676): Cake\Controller\Controller->dispatchEvent('Controller.init...')
#4 C:\xampp\htdocs\ck_editor\vendor\cakephp\cakephp\src\Http\ActionDispatcher.php(115): Cake\Controller\Controller->startupProcess()
#5 C:\xampp\htdocs\ck_editor\vendor\cakephp\cakephp\src\Http\ActionDispatcher.php(94): Cake\Http\ActionDispatcher->_invoke(Object(App\Controller\PostsController))
#6 C:\xampp\htdocs\ck_editor\vendor\cakephp\cakephp\src\Http\BaseApplication.php(234): Cake\Http\ActionDispatcher->dispatch(Object(Cake\Http\ServerRequest), Object(Cake\Http\Response))
#7 C:\xampp\htdocs\ck_editor\vendor\cakephp\cakephp\src\Http\Runner.php(65): Cake\Http\BaseApplication->__invoke(Object(Cake\Http\ServerRequest), Object(Cake\Http\Response), Object(Cake\Http\Runner))
#8 C:\xampp\htdocs\ck_editor\vendor\cakephp\cakephp\src\Http\Runner.php(65): Cake\Http\Runner->__invoke(Object(Cake\Http\ServerRequest), Object(Cake\Http\Response), Object(Cake\Http\Runner))
#9 C:\xampp\htdocs\ck_editor\vendor\cakephp\cakephp\src\Http\Middleware\CsrfProtectionMiddleware.php(124): Cake\Http\Runner->__invoke(Object(Cake\Http\ServerRequest), Object(Cake\Http\Response))
#10 C:\xampp\htdocs\ck_editor\vendor\cakephp\cakephp\src\Http\Runner.php(65): Cake\Http\Middleware\CsrfProtectionMiddleware->__invoke(Object(Cake\Http\ServerRequest), Object(Cake\Http\Response), Object(Cake\Http\Runner))
#11 C:\xampp\htdocs\ck_editor\vendor\cakephp\cakephp\src\Http\Runner.php(51): Cake\Http\Runner->__invoke(Object(Cake\Http\ServerRequest), Object(Cake\Http\Response))
#12 C:\xampp\htdocs\ck_editor\vendor\cakephp\cakephp\src\Routing\Middleware\RoutingMiddleware.php(168): Cake\Http\Runner->run(Object(Cake\Http\MiddlewareQueue), Object(Cake\Http\ServerRequest), Object(Cake\Http\Response))
#13 C:\xampp\htdocs\ck_editor\vendor\cakephp\cakephp\src\Http\Runner.php(65): Cake\Routing\Middleware\RoutingMiddleware->__invoke(Object(Cake\Http\ServerRequest), Object(Cake\Http\Response), Object(Cake\Http\Runner))
#14 C:\xampp\htdocs\ck_editor\vendor\cakephp\cakephp\src\Routing\Middleware\AssetMiddleware.php(88): Cake\Http\Runner->__invoke(Object(Cake\Http\ServerRequest), Object(Cake\Http\Response))
#15 C:\xampp\htdocs\ck_editor\vendor\cakephp\cakephp\src\Http\Runner.php(65): Cake\Routing\Middleware\AssetMiddleware->__invoke(Object(Cake\Http\ServerRequest), Object(Cake\Http\Response), Object(Cake\Http\Runner))
#16 C:\xampp\htdocs\ck_editor\vendor\cakephp\cakephp\src\Error\Middleware\ErrorHandlerMiddleware.php(96): Cake\Http\Runner->__invoke(Object(Cake\Http\ServerRequest), Object(Cake\Http\Response))
#17 C:\xampp\htdocs\ck_editor\vendor\cakephp\cakephp\src\Http\Runner.php(65): Cake\Error\Middleware\ErrorHandlerMiddleware->__invoke(Object(Cake\Http\ServerRequest), Object(Cake\Http\Response), Object(Cake\Http\Runner))
#18 C:\xampp\htdocs\ck_editor\vendor\cakephp\debug_kit\src\Middleware\DebugKitMiddleware.php(53): Cake\Http\Runner->__invoke(Object(Cake\Http\ServerRequest), Object(Cake\Http\Response))
#19 C:\xampp\htdocs\ck_editor\vendor\cakephp\cakephp\src\Http\Runner.php(65): DebugKit\Middleware\DebugKitMiddleware->__invoke(Object(Cake\Http\ServerRequest), Object(Cake\Http\Response), Object(Cake\Http\Runner))
#20 C:\xampp\htdocs\ck_editor\vendor\cakephp\cakephp\src\Http\Runner.php(51): Cake\Http\Runner->__invoke(Object(Cake\Http\ServerRequest), Object(Cake\Http\Response))
#21 C:\xampp\htdocs\ck_editor\vendor\cakephp\cakephp\src\Http\Server.php(97): Cake\Http\Runner->run(Object(Cake\Http\MiddlewareQueue), Object(Cake\Http\ServerRequest), Object(Cake\Http\Response))
#22 C:\xampp\htdocs\ck_editor\webroot\index.php(40): Cake\Http\Server->run()
#23 {main}
Request URL: /posts/add
Referer URL: http://localhost:8080/ck_editor/


2020-03-16 07:02:34 Warning: Warning (2): Declaration of App\Controller\PostsController::beforeFilter(App\Controller\Event $event) should be compatible with Cake\Controller\Controller::beforeFilter(Cake\Event\Event $event) in [C:\xampp\htdocs\ck_editor\src\Controller\PostsController.php, line 5]
Request URL: /posts/add
Trace:
Cake\Error\BaseErrorHandler::handleError() - CORE\src\Error\BaseErrorHandler.php, line 168
Cake\Core\BasePlugin::{closure}() - ROOT\vendor\cakephp\debug_kit\config\bootstrap.php, line 43
include - APP/Controller\PostsController.php, line 5
Composer\Autoload\includeFile - ROOT\vendor\composer\ClassLoader.php, line 444
Composer\Autoload\ClassLoader::loadClass() - ROOT\vendor\composer\ClassLoader.php, line 322
spl_autoload_call - [internal], line ??
class_exists - [internal], line ??
Cake\Core\App::_classExistsInBase() - CORE\src\Core\App.php, line 151
Cake\Core\App::className() - CORE\src\Core\App.php, line 63
Cake\Http\ControllerFactory::getControllerClass() - CORE\src\Http\ControllerFactory.php, line 93
Cake\Http\ControllerFactory::create() - CORE\src\Http\ControllerFactory.php, line 37
Cake\Http\ActionDispatcher::dispatch() - CORE\src\Http\ActionDispatcher.php, line 91
Cake\Http\BaseApplication::__invoke() - CORE\src\Http\BaseApplication.php, line 234
Cake\Http\Runner::__invoke() - CORE\src\Http\Runner.php, line 65
Cake\Http\Runner::__invoke() - CORE\src\Http\Runner.php, line 65
Cake\Http\Middleware\CsrfProtectionMiddleware::__invoke() - CORE\src\Http\Middleware\CsrfProtectionMiddleware.php, line 124
Cake\Http\Runner::__invoke() - CORE\src\Http\Runner.php, line 65
Cake\Http\Runner::run() - CORE\src\Http\Runner.php, line 51
Cake\Routing\Middleware\RoutingMiddleware::__invoke() - CORE\src\Routing\Middleware\RoutingMiddleware.php, line 168
Cake\Http\Runner::__invoke() - CORE\src\Http\Runner.php, line 65
Cake\Routing\Middleware\AssetMiddleware::__invoke() - CORE\src\Routing\Middleware\AssetMiddleware.php, line 88
Cake\Http\Runner::__invoke() - CORE\src\Http\Runner.php, line 65
Cake\Error\Middleware\ErrorHandlerMiddleware::__invoke() - CORE\src\Error\Middleware\ErrorHandlerMiddleware.php, line 96
Cake\Http\Runner::__invoke() - CORE\src\Http\Runner.php, line 65
DebugKit\Middleware\DebugKitMiddleware::__invoke() - ROOT\vendor\cakephp\debug_kit\src\Middleware\DebugKitMiddleware.php, line 53
Cake\Http\Runner::__invoke() - CORE\src\Http\Runner.php, line 65
Cake\Http\Runner::run() - CORE\src\Http\Runner.php, line 51
Cake\Http\Server::run() - CORE\src\Http\Server.php, line 97
[main] - ROOT\webroot\index.php, line 40



2020-03-16 07:02:34 Error: [TypeError] Argument 1 passed to App\Controller\PostsController::beforeFilter() must be an instance of App\Controller\Event, instance of Cake\Event\Event given, called in C:\xampp\htdocs\ck_editor\vendor\cakephp\cakephp\src\Event\EventManager.php on line 352 (C:\xampp\htdocs\ck_editor\src\Controller\PostsController.php:8)
#0 C:\xampp\htdocs\ck_editor\vendor\cakephp\cakephp\src\Event\EventManager.php(352): App\Controller\PostsController->beforeFilter(Object(Cake\Event\Event))
#1 C:\xampp\htdocs\ck_editor\vendor\cakephp\cakephp\src\Event\EventManager.php(329): Cake\Event\EventManager->_callListener(Array, Object(Cake\Event\Event))
#2 C:\xampp\htdocs\ck_editor\vendor\cakephp\cakephp\src\Event\EventDispatcherTrait.php(113): Cake\Event\EventManager->dispatch(Object(Cake\Event\Event))
#3 C:\xampp\htdocs\ck_editor\vendor\cakephp\cakephp\src\Controller\Controller.php(676): Cake\Controller\Controller->dispatchEvent('Controller.init...')
#4 C:\xampp\htdocs\ck_editor\vendor\cakephp\cakephp\src\Http\ActionDispatcher.php(115): Cake\Controller\Controller->startupProcess()
#5 C:\xampp\htdocs\ck_editor\vendor\cakephp\cakephp\src\Http\ActionDispatcher.php(94): Cake\Http\ActionDispatcher->_invoke(Object(App\Controller\PostsController))
#6 C:\xampp\htdocs\ck_editor\vendor\cakephp\cakephp\src\Http\BaseApplication.php(234): Cake\Http\ActionDispatcher->dispatch(Object(Cake\Http\ServerRequest), Object(Cake\Http\Response))
#7 C:\xampp\htdocs\ck_editor\vendor\cakephp\cakephp\src\Http\Runner.php(65): Cake\Http\BaseApplication->__invoke(Object(Cake\Http\ServerRequest), Object(Cake\Http\Response), Object(Cake\Http\Runner))
#8 C:\xampp\htdocs\ck_editor\vendor\cakephp\cakephp\src\Http\Runner.php(65): Cake\Http\Runner->__invoke(Object(Cake\Http\ServerRequest), Object(Cake\Http\Response), Object(Cake\Http\Runner))
#9 C:\xampp\htdocs\ck_editor\vendor\cakephp\cakephp\src\Http\Middleware\CsrfProtectionMiddleware.php(124): Cake\Http\Runner->__invoke(Object(Cake\Http\ServerRequest), Object(Cake\Http\Response))
#10 C:\xampp\htdocs\ck_editor\vendor\cakephp\cakephp\src\Http\Runner.php(65): Cake\Http\Middleware\CsrfProtectionMiddleware->__invoke(Object(Cake\Http\ServerRequest), Object(Cake\Http\Response), Object(Cake\Http\Runner))
#11 C:\xampp\htdocs\ck_editor\vendor\cakephp\cakephp\src\Http\Runner.php(51): Cake\Http\Runner->__invoke(Object(Cake\Http\ServerRequest), Object(Cake\Http\Response))
#12 C:\xampp\htdocs\ck_editor\vendor\cakephp\cakephp\src\Routing\Middleware\RoutingMiddleware.php(168): Cake\Http\Runner->run(Object(Cake\Http\MiddlewareQueue), Object(Cake\Http\ServerRequest), Object(Cake\Http\Response))
#13 C:\xampp\htdocs\ck_editor\vendor\cakephp\cakephp\src\Http\Runner.php(65): Cake\Routing\Middleware\RoutingMiddleware->__invoke(Object(Cake\Http\ServerRequest), Object(Cake\Http\Response), Object(Cake\Http\Runner))
#14 C:\xampp\htdocs\ck_editor\vendor\cakephp\cakephp\src\Routing\Middleware\AssetMiddleware.php(88): Cake\Http\Runner->__invoke(Object(Cake\Http\ServerRequest), Object(Cake\Http\Response))
#15 C:\xampp\htdocs\ck_editor\vendor\cakephp\cakephp\src\Http\Runner.php(65): Cake\Routing\Middleware\AssetMiddleware->__invoke(Object(Cake\Http\ServerRequest), Object(Cake\Http\Response), Object(Cake\Http\Runner))
#16 C:\xampp\htdocs\ck_editor\vendor\cakephp\cakephp\src\Error\Middleware\ErrorHandlerMiddleware.php(96): Cake\Http\Runner->__invoke(Object(Cake\Http\ServerRequest), Object(Cake\Http\Response))
#17 C:\xampp\htdocs\ck_editor\vendor\cakephp\cakephp\src\Http\Runner.php(65): Cake\Error\Middleware\ErrorHandlerMiddleware->__invoke(Object(Cake\Http\ServerRequest), Object(Cake\Http\Response), Object(Cake\Http\Runner))
#18 C:\xampp\htdocs\ck_editor\vendor\cakephp\debug_kit\src\Middleware\DebugKitMiddleware.php(53): Cake\Http\Runner->__invoke(Object(Cake\Http\ServerRequest), Object(Cake\Http\Response))
#19 C:\xampp\htdocs\ck_editor\vendor\cakephp\cakephp\src\Http\Runner.php(65): DebugKit\Middleware\DebugKitMiddleware->__invoke(Object(Cake\Http\ServerRequest), Object(Cake\Http\Response), Object(Cake\Http\Runner))
#20 C:\xampp\htdocs\ck_editor\vendor\cakephp\cakephp\src\Http\Runner.php(51): Cake\Http\Runner->__invoke(Object(Cake\Http\ServerRequest), Object(Cake\Http\Response))
#21 C:\xampp\htdocs\ck_editor\vendor\cakephp\cakephp\src\Http\Server.php(97): Cake\Http\Runner->run(Object(Cake\Http\MiddlewareQueue), Object(Cake\Http\ServerRequest), Object(Cake\Http\Response))
#22 C:\xampp\htdocs\ck_editor\webroot\index.php(40): Cake\Http\Server->run()
#23 {main}
Request URL: /posts/add


2020-03-16 07:23:20 Error: [Cake\Controller\Exception\MissingActionException] Action PostsController::js() could not be found, or is not accessible. (C:\xampp\htdocs\ck_editor\vendor\cakephp\cakephp\src\Controller\Controller.php:599)
Exception Attributes: array (
  'controller' => 'PostsController',
  'action' => 'js',
  'prefix' => '',
  'plugin' => false,
)
#0 C:\xampp\htdocs\ck_editor\vendor\cakephp\cakephp\src\Http\ActionDispatcher.php(120): Cake\Controller\Controller->invokeAction()
#1 C:\xampp\htdocs\ck_editor\vendor\cakephp\cakephp\src\Http\ActionDispatcher.php(94): Cake\Http\ActionDispatcher->_invoke(Object(App\Controller\PostsController))
#2 C:\xampp\htdocs\ck_editor\vendor\cakephp\cakephp\src\Http\BaseApplication.php(234): Cake\Http\ActionDispatcher->dispatch(Object(Cake\Http\ServerRequest), Object(Cake\Http\Response))
#3 C:\xampp\htdocs\ck_editor\vendor\cakephp\cakephp\src\Http\Runner.php(65): Cake\Http\BaseApplication->__invoke(Object(Cake\Http\ServerRequest), Object(Cake\Http\Response), Object(Cake\Http\Runner))
#4 C:\xampp\htdocs\ck_editor\vendor\cakephp\cakephp\src\Http\Runner.php(65): Cake\Http\Runner->__invoke(Object(Cake\Http\ServerRequest), Object(Cake\Http\Response), Object(Cake\Http\Runner))
#5 C:\xampp\htdocs\ck_editor\vendor\cakephp\cakephp\src\Http\Middleware\CsrfProtectionMiddleware.php(124): Cake\Http\Runner->__invoke(Object(Cake\Http\ServerRequest), Object(Cake\Http\Response))
#6 C:\xampp\htdocs\ck_editor\vendor\cakephp\cakephp\src\Http\Runner.php(65): Cake\Http\Middleware\CsrfProtectionMiddleware->__invoke(Object(Cake\Http\ServerRequest), Object(Cake\Http\Response), Object(Cake\Http\Runner))
#7 C:\xampp\htdocs\ck_editor\vendor\cakephp\cakephp\src\Http\Runner.php(51): Cake\Http\Runner->__invoke(Object(Cake\Http\ServerRequest), Object(Cake\Http\Response))
#8 C:\xampp\htdocs\ck_editor\vendor\cakephp\cakephp\src\Routing\Middleware\RoutingMiddleware.php(168): Cake\Http\Runner->run(Object(Cake\Http\MiddlewareQueue), Object(Cake\Http\ServerRequest), Object(Cake\Http\Response))
#9 C:\xampp\htdocs\ck_editor\vendor\cakephp\cakephp\src\Http\Runner.php(65): Cake\Routing\Middleware\RoutingMiddleware->__invoke(Object(Cake\Http\ServerRequest), Object(Cake\Http\Response), Object(Cake\Http\Runner))
#10 C:\xampp\htdocs\ck_editor\vendor\cakephp\cakephp\src\Routing\Middleware\AssetMiddleware.php(97): Cake\Http\Runner->__invoke(Object(Cake\Http\ServerRequest), Object(Cake\Http\Response))
#11 C:\xampp\htdocs\ck_editor\vendor\cakephp\cakephp\src\Http\Runner.php(65): Cake\Routing\Middleware\AssetMiddleware->__invoke(Object(Cake\Http\ServerRequest), Object(Cake\Http\Response), Object(Cake\Http\Runner))
#12 C:\xampp\htdocs\ck_editor\vendor\cakephp\cakephp\src\Error\Middleware\ErrorHandlerMiddleware.php(96): Cake\Http\Runner->__invoke(Object(Cake\Http\ServerRequest), Object(Cake\Http\Response))
#13 C:\xampp\htdocs\ck_editor\vendor\cakephp\cakephp\src\Http\Runner.php(65): Cake\Error\Middleware\ErrorHandlerMiddleware->__invoke(Object(Cake\Http\ServerRequest), Object(Cake\Http\Response), Object(Cake\Http\Runner))
#14 C:\xampp\htdocs\ck_editor\vendor\cakephp\debug_kit\src\Middleware\DebugKitMiddleware.php(53): Cake\Http\Runner->__invoke(Object(Cake\Http\ServerRequest), Object(Cake\Http\Response))
#15 C:\xampp\htdocs\ck_editor\vendor\cakephp\cakephp\src\Http\Runner.php(65): DebugKit\Middleware\DebugKitMiddleware->__invoke(Object(Cake\Http\ServerRequest), Object(Cake\Http\Response), Object(Cake\Http\Runner))
#16 C:\xampp\htdocs\ck_editor\vendor\cakephp\cakephp\src\Http\Runner.php(51): Cake\Http\Runner->__invoke(Object(Cake\Http\ServerRequest), Object(Cake\Http\Response))
#17 C:\xampp\htdocs\ck_editor\vendor\cakephp\cakephp\src\Http\Server.php(97): Cake\Http\Runner->run(Object(Cake\Http\MiddlewareQueue), Object(Cake\Http\ServerRequest), Object(Cake\Http\Response))
#18 C:\xampp\htdocs\ck_editor\webroot\index.php(40): Cake\Http\Server->run()
#19 {main}
Request URL: /posts/js/ckfinder/ckfinder.html?type=Images&CKEditor=newscontent&CKEditorFuncNum=1&langCode=en
Referer URL: http://localhost:8080/ck_editor/posts/add


2020-03-16 07:23:56 Error: [Cake\Controller\Exception\MissingActionException] Action PostsController::ckfinder() could not be found, or is not accessible. (C:\xampp\htdocs\ck_editor\vendor\cakephp\cakephp\src\Controller\Controller.php:599)
Exception Attributes: array (
  'controller' => 'PostsController',
  'action' => 'ckfinder',
  'prefix' => '',
  'plugin' => false,
)
#0 C:\xampp\htdocs\ck_editor\vendor\cakephp\cakephp\src\Http\ActionDispatcher.php(120): Cake\Controller\Controller->invokeAction()
#1 C:\xampp\htdocs\ck_editor\vendor\cakephp\cakephp\src\Http\ActionDispatcher.php(94): Cake\Http\ActionDispatcher->_invoke(Object(App\Controller\PostsController))
#2 C:\xampp\htdocs\ck_editor\vendor\cakephp\cakephp\src\Http\BaseApplication.php(234): Cake\Http\ActionDispatcher->dispatch(Object(Cake\Http\ServerRequest), Object(Cake\Http\Response))
#3 C:\xampp\htdocs\ck_editor\vendor\cakephp\cakephp\src\Http\Runner.php(65): Cake\Http\BaseApplication->__invoke(Object(Cake\Http\ServerRequest), Object(Cake\Http\Response), Object(Cake\Http\Runner))
#4 C:\xampp\htdocs\ck_editor\vendor\cakephp\cakephp\src\Http\Runner.php(65): Cake\Http\Runner->__invoke(Object(Cake\Http\ServerRequest), Object(Cake\Http\Response), Object(Cake\Http\Runner))
#5 C:\xampp\htdocs\ck_editor\vendor\cakephp\cakephp\src\Http\Middleware\CsrfProtectionMiddleware.php(124): Cake\Http\Runner->__invoke(Object(Cake\Http\ServerRequest), Object(Cake\Http\Response))
#6 C:\xampp\htdocs\ck_editor\vendor\cakephp\cakephp\src\Http\Runner.php(65): Cake\Http\Middleware\CsrfProtectionMiddleware->__invoke(Object(Cake\Http\ServerRequest), Object(Cake\Http\Response), Object(Cake\Http\Runner))
#7 C:\xampp\htdocs\ck_editor\vendor\cakephp\cakephp\src\Http\Runner.php(51): Cake\Http\Runner->__invoke(Object(Cake\Http\ServerRequest), Object(Cake\Http\Response))
#8 C:\xampp\htdocs\ck_editor\vendor\cakephp\cakephp\src\Routing\Middleware\RoutingMiddleware.php(168): Cake\Http\Runner->run(Object(Cake\Http\MiddlewareQueue), Object(Cake\Http\ServerRequest), Object(Cake\Http\Response))
#9 C:\xampp\htdocs\ck_editor\vendor\cakephp\cakephp\src\Http\Runner.php(65): Cake\Routing\Middleware\RoutingMiddleware->__invoke(Object(Cake\Http\ServerRequest), Object(Cake\Http\Response), Object(Cake\Http\Runner))
#10 C:\xampp\htdocs\ck_editor\vendor\cakephp\cakephp\src\Routing\Middleware\AssetMiddleware.php(97): Cake\Http\Runner->__invoke(Object(Cake\Http\ServerRequest), Object(Cake\Http\Response))
#11 C:\xampp\htdocs\ck_editor\vendor\cakephp\cakephp\src\Http\Runner.php(65): Cake\Routing\Middleware\AssetMiddleware->__invoke(Object(Cake\Http\ServerRequest), Object(Cake\Http\Response), Object(Cake\Http\Runner))
#12 C:\xampp\htdocs\ck_editor\vendor\cakephp\cakephp\src\Error\Middleware\ErrorHandlerMiddleware.php(96): Cake\Http\Runner->__invoke(Object(Cake\Http\ServerRequest), Object(Cake\Http\Response))
#13 C:\xampp\htdocs\ck_editor\vendor\cakephp\cakephp\src\Http\Runner.php(65): Cake\Error\Middleware\ErrorHandlerMiddleware->__invoke(Object(Cake\Http\ServerRequest), Object(Cake\Http\Response), Object(Cake\Http\Runner))
#14 C:\xampp\htdocs\ck_editor\vendor\cakephp\debug_kit\src\Middleware\DebugKitMiddleware.php(53): Cake\Http\Runner->__invoke(Object(Cake\Http\ServerRequest), Object(Cake\Http\Response))
#15 C:\xampp\htdocs\ck_editor\vendor\cakephp\cakephp\src\Http\Runner.php(65): DebugKit\Middleware\DebugKitMiddleware->__invoke(Object(Cake\Http\ServerRequest), Object(Cake\Http\Response), Object(Cake\Http\Runner))
#16 C:\xampp\htdocs\ck_editor\vendor\cakephp\cakephp\src\Http\Runner.php(51): Cake\Http\Runner->__invoke(Object(Cake\Http\ServerRequest), Object(Cake\Http\Response))
#17 C:\xampp\htdocs\ck_editor\vendor\cakephp\cakephp\src\Http\Server.php(97): Cake\Http\Runner->run(Object(Cake\Http\MiddlewareQueue), Object(Cake\Http\ServerRequest), Object(Cake\Http\Response))
#18 C:\xampp\htdocs\ck_editor\webroot\index.php(40): Cake\Http\Server->run()
#19 {main}
Request URL: /posts/ckfinder/ckfinder.html?type=Images&CKEditor=newscontent&CKEditorFuncNum=1&langCode=en
Referer URL: http://localhost:8080/ck_editor/posts/add


2020-03-16 07:25:40 Error: [Cake\Controller\Exception\MissingActionException] Action PostsController::ckfinder() could not be found, or is not accessible. (C:\xampp\htdocs\ck_editor\vendor\cakephp\cakephp\src\Controller\Controller.php:599)
Exception Attributes: array (
  'controller' => 'PostsController',
  'action' => 'ckfinder',
  'prefix' => '',
  'plugin' => false,
)
#0 C:\xampp\htdocs\ck_editor\vendor\cakephp\cakephp\src\Http\ActionDispatcher.php(120): Cake\Controller\Controller->invokeAction()
#1 C:\xampp\htdocs\ck_editor\vendor\cakephp\cakephp\src\Http\ActionDispatcher.php(94): Cake\Http\ActionDispatcher->_invoke(Object(App\Controller\PostsController))
#2 C:\xampp\htdocs\ck_editor\vendor\cakephp\cakephp\src\Http\BaseApplication.php(234): Cake\Http\ActionDispatcher->dispatch(Object(Cake\Http\ServerRequest), Object(Cake\Http\Response))
#3 C:\xampp\htdocs\ck_editor\vendor\cakephp\cakephp\src\Http\Runner.php(65): Cake\Http\BaseApplication->__invoke(Object(Cake\Http\ServerRequest), Object(Cake\Http\Response), Object(Cake\Http\Runner))
#4 C:\xampp\htdocs\ck_editor\vendor\cakephp\cakephp\src\Http\Runner.php(65): Cake\Http\Runner->__invoke(Object(Cake\Http\ServerRequest), Object(Cake\Http\Response), Object(Cake\Http\Runner))
#5 C:\xampp\htdocs\ck_editor\vendor\cakephp\cakephp\src\Http\Middleware\CsrfProtectionMiddleware.php(124): Cake\Http\Runner->__invoke(Object(Cake\Http\ServerRequest), Object(Cake\Http\Response))
#6 C:\xampp\htdocs\ck_editor\vendor\cakephp\cakephp\src\Http\Runner.php(65): Cake\Http\Middleware\CsrfProtectionMiddleware->__invoke(Object(Cake\Http\ServerRequest), Object(Cake\Http\Response), Object(Cake\Http\Runner))
#7 C:\xampp\htdocs\ck_editor\vendor\cakephp\cakephp\src\Http\Runner.php(51): Cake\Http\Runner->__invoke(Object(Cake\Http\ServerRequest), Object(Cake\Http\Response))
#8 C:\xampp\htdocs\ck_editor\vendor\cakephp\cakephp\src\Routing\Middleware\RoutingMiddleware.php(168): Cake\Http\Runner->run(Object(Cake\Http\MiddlewareQueue), Object(Cake\Http\ServerRequest), Object(Cake\Http\Response))
#9 C:\xampp\htdocs\ck_editor\vendor\cakephp\cakephp\src\Http\Runner.php(65): Cake\Routing\Middleware\RoutingMiddleware->__invoke(Object(Cake\Http\ServerRequest), Object(Cake\Http\Response), Object(Cake\Http\Runner))
#10 C:\xampp\htdocs\ck_editor\vendor\cakephp\cakephp\src\Routing\Middleware\AssetMiddleware.php(97): Cake\Http\Runner->__invoke(Object(Cake\Http\ServerRequest), Object(Cake\Http\Response))
#11 C:\xampp\htdocs\ck_editor\vendor\cakephp\cakephp\src\Http\Runner.php(65): Cake\Routing\Middleware\AssetMiddleware->__invoke(Object(Cake\Http\ServerRequest), Object(Cake\Http\Response), Object(Cake\Http\Runner))
#12 C:\xampp\htdocs\ck_editor\vendor\cakephp\cakephp\src\Error\Middleware\ErrorHandlerMiddleware.php(96): Cake\Http\Runner->__invoke(Object(Cake\Http\ServerRequest), Object(Cake\Http\Response))
#13 C:\xampp\htdocs\ck_editor\vendor\cakephp\cakephp\src\Http\Runner.php(65): Cake\Error\Middleware\ErrorHandlerMiddleware->__invoke(Object(Cake\Http\ServerRequest), Object(Cake\Http\Response), Object(Cake\Http\Runner))
#14 C:\xampp\htdocs\ck_editor\vendor\cakephp\debug_kit\src\Middleware\DebugKitMiddleware.php(53): Cake\Http\Runner->__invoke(Object(Cake\Http\ServerRequest), Object(Cake\Http\Response))
#15 C:\xampp\htdocs\ck_editor\vendor\cakephp\cakephp\src\Http\Runner.php(65): DebugKit\Middleware\DebugKitMiddleware->__invoke(Object(Cake\Http\ServerRequest), Object(Cake\Http\Response), Object(Cake\Http\Runner))
#16 C:\xampp\htdocs\ck_editor\vendor\cakephp\cakephp\src\Http\Runner.php(51): Cake\Http\Runner->__invoke(Object(Cake\Http\ServerRequest), Object(Cake\Http\Response))
#17 C:\xampp\htdocs\ck_editor\vendor\cakephp\cakephp\src\Http\Server.php(97): Cake\Http\Runner->run(Object(Cake\Http\MiddlewareQueue), Object(Cake\Http\ServerRequest), Object(Cake\Http\Response))
#18 C:\xampp\htdocs\ck_editor\webroot\index.php(40): Cake\Http\Server->run()
#19 {main}
Request URL: /posts/ckfinder/ckfinder.html?type=Images&CKEditor=newscontent&CKEditorFuncNum=1&langCode=en
Referer URL: http://localhost:8080/ck_editor/posts/add


2020-03-16 07:29:56 Warning: Warning (2): include_once(ckeditor/ckeditor.php): failed to open stream: No such file or directory in [C:\xampp\htdocs\ck_editor\src\Template\Posts\add.ctp, line 34]
Request URL: /posts/add
Referer URL: http://localhost:8080/ck_editor/
Trace:
Cake\Error\BaseErrorHandler::handleError() - CORE\src\Error\BaseErrorHandler.php, line 168
Cake\Core\BasePlugin::{closure}() - ROOT\vendor\cakephp\debug_kit\config\bootstrap.php, line 43
include_once - APP/Template\Posts\add.ctp, line 34
include - APP/Template\Posts\add.ctp, line 34
Cake\View\View::_evaluate() - CORE\src\View\View.php, line 1420
Cake\View\View::_render() - CORE\src\View\View.php, line 1381
Cake\View\View::render() - CORE\src\View\View.php, line 879
Cake\Controller\Controller::render() - CORE\src\Controller\Controller.php, line 795
Cake\Http\ActionDispatcher::_invoke() - CORE\src\Http\ActionDispatcher.php, line 126
Cake\Http\ActionDispatcher::dispatch() - CORE\src\Http\ActionDispatcher.php, line 94
Cake\Http\BaseApplication::__invoke() - CORE\src\Http\BaseApplication.php, line 234
Cake\Http\Runner::__invoke() - CORE\src\Http\Runner.php, line 65
Cake\Http\Runner::__invoke() - CORE\src\Http\Runner.php, line 65
Cake\Http\Middleware\CsrfProtectionMiddleware::__invoke() - CORE\src\Http\Middleware\CsrfProtectionMiddleware.php, line 124
Cake\Http\Runner::__invoke() - CORE\src\Http\Runner.php, line 65
Cake\Http\Runner::run() - CORE\src\Http\Runner.php, line 51
Cake\Routing\Middleware\RoutingMiddleware::__invoke() - CORE\src\Routing\Middleware\RoutingMiddleware.php, line 168
Cake\Http\Runner::__invoke() - CORE\src\Http\Runner.php, line 65
Cake\Routing\Middleware\AssetMiddleware::__invoke() - CORE\src\Routing\Middleware\AssetMiddleware.php, line 88
Cake\Http\Runner::__invoke() - CORE\src\Http\Runner.php, line 65
Cake\Error\Middleware\ErrorHandlerMiddleware::__invoke() - CORE\src\Error\Middleware\ErrorHandlerMiddleware.php, line 96
Cake\Http\Runner::__invoke() - CORE\src\Http\Runner.php, line 65
DebugKit\Middleware\DebugKitMiddleware::__invoke() - ROOT\vendor\cakephp\debug_kit\src\Middleware\DebugKitMiddleware.php, line 53
Cake\Http\Runner::__invoke() - CORE\src\Http\Runner.php, line 65
Cake\Http\Runner::run() - CORE\src\Http\Runner.php, line 51
Cake\Http\Server::run() - CORE\src\Http\Server.php, line 97
[main] - ROOT\webroot\index.php, line 40



2020-03-16 07:29:56 Warning: Warning (2): include_once() [<a href='https://secure.php.net/function.include'>function.include</a>]: Failed opening 'ckeditor/ckeditor.php' for inclusion (include_path='C:\xampp\php\PEAR') in [C:\xampp\htdocs\ck_editor\src\Template\Posts\add.ctp, line 34]
Request URL: /posts/add
Referer URL: http://localhost:8080/ck_editor/
Trace:
Cake\Error\BaseErrorHandler::handleError() - CORE\src\Error\BaseErrorHandler.php, line 168
Cake\Core\BasePlugin::{closure}() - ROOT\vendor\cakephp\debug_kit\config\bootstrap.php, line 43
include_once - APP/Template\Posts\add.ctp, line 34
include - APP/Template\Posts\add.ctp, line 34
Cake\View\View::_evaluate() - CORE\src\View\View.php, line 1420
Cake\View\View::_render() - CORE\src\View\View.php, line 1381
Cake\View\View::render() - CORE\src\View\View.php, line 879
Cake\Controller\Controller::render() - CORE\src\Controller\Controller.php, line 795
Cake\Http\ActionDispatcher::_invoke() - CORE\src\Http\ActionDispatcher.php, line 126
Cake\Http\ActionDispatcher::dispatch() - CORE\src\Http\ActionDispatcher.php, line 94
Cake\Http\BaseApplication::__invoke() - CORE\src\Http\BaseApplication.php, line 234
Cake\Http\Runner::__invoke() - CORE\src\Http\Runner.php, line 65
Cake\Http\Runner::__invoke() - CORE\src\Http\Runner.php, line 65
Cake\Http\Middleware\CsrfProtectionMiddleware::__invoke() - CORE\src\Http\Middleware\CsrfProtectionMiddleware.php, line 124
Cake\Http\Runner::__invoke() - CORE\src\Http\Runner.php, line 65
Cake\Http\Runner::run() - CORE\src\Http\Runner.php, line 51
Cake\Routing\Middleware\RoutingMiddleware::__invoke() - CORE\src\Routing\Middleware\RoutingMiddleware.php, line 168
Cake\Http\Runner::__invoke() - CORE\src\Http\Runner.php, line 65
Cake\Routing\Middleware\AssetMiddleware::__invoke() - CORE\src\Routing\Middleware\AssetMiddleware.php, line 88
Cake\Http\Runner::__invoke() - CORE\src\Http\Runner.php, line 65
Cake\Error\Middleware\ErrorHandlerMiddleware::__invoke() - CORE\src\Error\Middleware\ErrorHandlerMiddleware.php, line 96
Cake\Http\Runner::__invoke() - CORE\src\Http\Runner.php, line 65
DebugKit\Middleware\DebugKitMiddleware::__invoke() - ROOT\vendor\cakephp\debug_kit\src\Middleware\DebugKitMiddleware.php, line 53
Cake\Http\Runner::__invoke() - CORE\src\Http\Runner.php, line 65
Cake\Http\Runner::run() - CORE\src\Http\Runner.php, line 51
Cake\Http\Server::run() - CORE\src\Http\Server.php, line 97
[main] - ROOT\webroot\index.php, line 40



2020-03-16 07:29:56 Error: [Error] Class 'CKEditor' not found (C:\xampp\htdocs\ck_editor\src\Template\Posts\add.ctp:37)
#0 C:\xampp\htdocs\ck_editor\vendor\cakephp\cakephp\src\View\View.php(1420): include()
#1 C:\xampp\htdocs\ck_editor\vendor\cakephp\cakephp\src\View\View.php(1381): Cake\View\View->_evaluate('C:\\xampp\\htdocs...', Array)
#2 C:\xampp\htdocs\ck_editor\vendor\cakephp\cakephp\src\View\View.php(879): Cake\View\View->_render('C:\\xampp\\htdocs...')
#3 C:\xampp\htdocs\ck_editor\vendor\cakephp\cakephp\src\Controller\Controller.php(795): Cake\View\View->render(NULL, NULL)
#4 C:\xampp\htdocs\ck_editor\vendor\cakephp\cakephp\src\Http\ActionDispatcher.php(126): Cake\Controller\Controller->render()
#5 C:\xampp\htdocs\ck_editor\vendor\cakephp\cakephp\src\Http\ActionDispatcher.php(94): Cake\Http\ActionDispatcher->_invoke(Object(App\Controller\PostsController))
#6 C:\xampp\htdocs\ck_editor\vendor\cakephp\cakephp\src\Http\BaseApplication.php(234): Cake\Http\ActionDispatcher->dispatch(Object(Cake\Http\ServerRequest), Object(Cake\Http\Response))
#7 C:\xampp\htdocs\ck_editor\vendor\cakephp\cakephp\src\Http\Runner.php(65): Cake\Http\BaseApplication->__invoke(Object(Cake\Http\ServerRequest), Object(Cake\Http\Response), Object(Cake\Http\Runner))
#8 C:\xampp\htdocs\ck_editor\vendor\cakephp\cakephp\src\Http\Runner.php(65): Cake\Http\Runner->__invoke(Object(Cake\Http\ServerRequest), Object(Cake\Http\Response), Object(Cake\Http\Runner))
#9 C:\xampp\htdocs\ck_editor\vendor\cakephp\cakephp\src\Http\Middleware\CsrfProtectionMiddleware.php(124): Cake\Http\Runner->__invoke(Object(Cake\Http\ServerRequest), Object(Cake\Http\Response))
#10 C:\xampp\htdocs\ck_editor\vendor\cakephp\cakephp\src\Http\Runner.php(65): Cake\Http\Middleware\CsrfProtectionMiddleware->__invoke(Object(Cake\Http\ServerRequest), Object(Cake\Http\Response), Object(Cake\Http\Runner))
#11 C:\xampp\htdocs\ck_editor\vendor\cakephp\cakephp\src\Http\Runner.php(51): Cake\Http\Runner->__invoke(Object(Cake\Http\ServerRequest), Object(Cake\Http\Response))
#12 C:\xampp\htdocs\ck_editor\vendor\cakephp\cakephp\src\Routing\Middleware\RoutingMiddleware.php(168): Cake\Http\Runner->run(Object(Cake\Http\MiddlewareQueue), Object(Cake\Http\ServerRequest), Object(Cake\Http\Response))
#13 C:\xampp\htdocs\ck_editor\vendor\cakephp\cakephp\src\Http\Runner.php(65): Cake\Routing\Middleware\RoutingMiddleware->__invoke(Object(Cake\Http\ServerRequest), Object(Cake\Http\Response), Object(Cake\Http\Runner))
#14 C:\xampp\htdocs\ck_editor\vendor\cakephp\cakephp\src\Routing\Middleware\AssetMiddleware.php(88): Cake\Http\Runner->__invoke(Object(Cake\Http\ServerRequest), Object(Cake\Http\Response))
#15 C:\xampp\htdocs\ck_editor\vendor\cakephp\cakephp\src\Http\Runner.php(65): Cake\Routing\Middleware\AssetMiddleware->__invoke(Object(Cake\Http\ServerRequest), Object(Cake\Http\Response), Object(Cake\Http\Runner))
#16 C:\xampp\htdocs\ck_editor\vendor\cakephp\cakephp\src\Error\Middleware\ErrorHandlerMiddleware.php(96): Cake\Http\Runner->__invoke(Object(Cake\Http\ServerRequest), Object(Cake\Http\Response))
#17 C:\xampp\htdocs\ck_editor\vendor\cakephp\cakephp\src\Http\Runner.php(65): Cake\Error\Middleware\ErrorHandlerMiddleware->__invoke(Object(Cake\Http\ServerRequest), Object(Cake\Http\Response), Object(Cake\Http\Runner))
#18 C:\xampp\htdocs\ck_editor\vendor\cakephp\debug_kit\src\Middleware\DebugKitMiddleware.php(53): Cake\Http\Runner->__invoke(Object(Cake\Http\ServerRequest), Object(Cake\Http\Response))
#19 C:\xampp\htdocs\ck_editor\vendor\cakephp\cakephp\src\Http\Runner.php(65): DebugKit\Middleware\DebugKitMiddleware->__invoke(Object(Cake\Http\ServerRequest), Object(Cake\Http\Response), Object(Cake\Http\Runner))
#20 C:\xampp\htdocs\ck_editor\vendor\cakephp\cakephp\src\Http\Runner.php(51): Cake\Http\Runner->__invoke(Object(Cake\Http\ServerRequest), Object(Cake\Http\Response))
#21 C:\xampp\htdocs\ck_editor\vendor\cakephp\cakephp\src\Http\Server.php(97): Cake\Http\Runner->run(Object(Cake\Http\MiddlewareQueue), Object(Cake\Http\ServerRequest), Object(Cake\Http\Response))
#22 C:\xampp\htdocs\ck_editor\webroot\index.php(40): Cake\Http\Server->run()
#23 {main}
Request URL: /posts/add
Referer URL: http://localhost:8080/ck_editor/


2020-03-16 07:30:46 Warning: Warning (2): include_once(js/ckeditor/ckeditor.php): failed to open stream: No such file or directory in [C:\xampp\htdocs\ck_editor\src\Template\Posts\add.ctp, line 34]
Request URL: /posts/add
Referer URL: http://localhost:8080/ck_editor/
Trace:
Cake\Error\BaseErrorHandler::handleError() - CORE\src\Error\BaseErrorHandler.php, line 168
Cake\Core\BasePlugin::{closure}() - ROOT\vendor\cakephp\debug_kit\config\bootstrap.php, line 43
include_once - APP/Template\Posts\add.ctp, line 34
include - APP/Template\Posts\add.ctp, line 34
Cake\View\View::_evaluate() - CORE\src\View\View.php, line 1420
Cake\View\View::_render() - CORE\src\View\View.php, line 1381
Cake\View\View::render() - CORE\src\View\View.php, line 879
Cake\Controller\Controller::render() - CORE\src\Controller\Controller.php, line 795
Cake\Http\ActionDispatcher::_invoke() - CORE\src\Http\ActionDispatcher.php, line 126
Cake\Http\ActionDispatcher::dispatch() - CORE\src\Http\ActionDispatcher.php, line 94
Cake\Http\BaseApplication::__invoke() - CORE\src\Http\BaseApplication.php, line 234
Cake\Http\Runner::__invoke() - CORE\src\Http\Runner.php, line 65
Cake\Http\Runner::__invoke() - CORE\src\Http\Runner.php, line 65
Cake\Http\Middleware\CsrfProtectionMiddleware::__invoke() - CORE\src\Http\Middleware\CsrfProtectionMiddleware.php, line 124
Cake\Http\Runner::__invoke() - CORE\src\Http\Runner.php, line 65
Cake\Http\Runner::run() - CORE\src\Http\Runner.php, line 51
Cake\Routing\Middleware\RoutingMiddleware::__invoke() - CORE\src\Routing\Middleware\RoutingMiddleware.php, line 168
Cake\Http\Runner::__invoke() - CORE\src\Http\Runner.php, line 65
Cake\Routing\Middleware\AssetMiddleware::__invoke() - CORE\src\Routing\Middleware\AssetMiddleware.php, line 88
Cake\Http\Runner::__invoke() - CORE\src\Http\Runner.php, line 65
Cake\Error\Middleware\ErrorHandlerMiddleware::__invoke() - CORE\src\Error\Middleware\ErrorHandlerMiddleware.php, line 96
Cake\Http\Runner::__invoke() - CORE\src\Http\Runner.php, line 65
DebugKit\Middleware\DebugKitMiddleware::__invoke() - ROOT\vendor\cakephp\debug_kit\src\Middleware\DebugKitMiddleware.php, line 53
Cake\Http\Runner::__invoke() - CORE\src\Http\Runner.php, line 65
Cake\Http\Runner::run() - CORE\src\Http\Runner.php, line 51
Cake\Http\Server::run() - CORE\src\Http\Server.php, line 97
[main] - ROOT\webroot\index.php, line 40



2020-03-16 07:30:46 Warning: Warning (2): include_once() [<a href='https://secure.php.net/function.include'>function.include</a>]: Failed opening 'js/ckeditor/ckeditor.php' for inclusion (include_path='C:\xampp\php\PEAR') in [C:\xampp\htdocs\ck_editor\src\Template\Posts\add.ctp, line 34]
Request URL: /posts/add
Referer URL: http://localhost:8080/ck_editor/
Trace:
Cake\Error\BaseErrorHandler::handleError() - CORE\src\Error\BaseErrorHandler.php, line 168
Cake\Core\BasePlugin::{closure}() - ROOT\vendor\cakephp\debug_kit\config\bootstrap.php, line 43
include_once - APP/Template\Posts\add.ctp, line 34
include - APP/Template\Posts\add.ctp, line 34
Cake\View\View::_evaluate() - CORE\src\View\View.php, line 1420
Cake\View\View::_render() - CORE\src\View\View.php, line 1381
Cake\View\View::render() - CORE\src\View\View.php, line 879
Cake\Controller\Controller::render() - CORE\src\Controller\Controller.php, line 795
Cake\Http\ActionDispatcher::_invoke() - CORE\src\Http\ActionDispatcher.php, line 126
Cake\Http\ActionDispatcher::dispatch() - CORE\src\Http\ActionDispatcher.php, line 94
Cake\Http\BaseApplication::__invoke() - CORE\src\Http\BaseApplication.php, line 234
Cake\Http\Runner::__invoke() - CORE\src\Http\Runner.php, line 65
Cake\Http\Runner::__invoke() - CORE\src\Http\Runner.php, line 65
Cake\Http\Middleware\CsrfProtectionMiddleware::__invoke() - CORE\src\Http\Middleware\CsrfProtectionMiddleware.php, line 124
Cake\Http\Runner::__invoke() - CORE\src\Http\Runner.php, line 65
Cake\Http\Runner::run() - CORE\src\Http\Runner.php, line 51
Cake\Routing\Middleware\RoutingMiddleware::__invoke() - CORE\src\Routing\Middleware\RoutingMiddleware.php, line 168
Cake\Http\Runner::__invoke() - CORE\src\Http\Runner.php, line 65
Cake\Routing\Middleware\AssetMiddleware::__invoke() - CORE\src\Routing\Middleware\AssetMiddleware.php, line 88
Cake\Http\Runner::__invoke() - CORE\src\Http\Runner.php, line 65
Cake\Error\Middleware\ErrorHandlerMiddleware::__invoke() - CORE\src\Error\Middleware\ErrorHandlerMiddleware.php, line 96
Cake\Http\Runner::__invoke() - CORE\src\Http\Runner.php, line 65
DebugKit\Middleware\DebugKitMiddleware::__invoke() - ROOT\vendor\cakephp\debug_kit\src\Middleware\DebugKitMiddleware.php, line 53
Cake\Http\Runner::__invoke() - CORE\src\Http\Runner.php, line 65
Cake\Http\Runner::run() - CORE\src\Http\Runner.php, line 51
Cake\Http\Server::run() - CORE\src\Http\Server.php, line 97
[main] - ROOT\webroot\index.php, line 40



2020-03-16 07:30:46 Error: [Error] Class 'CKEditor' not found (C:\xampp\htdocs\ck_editor\src\Template\Posts\add.ctp:37)
#0 C:\xampp\htdocs\ck_editor\vendor\cakephp\cakephp\src\View\View.php(1420): include()
#1 C:\xampp\htdocs\ck_editor\vendor\cakephp\cakephp\src\View\View.php(1381): Cake\View\View->_evaluate('C:\\xampp\\htdocs...', Array)
#2 C:\xampp\htdocs\ck_editor\vendor\cakephp\cakephp\src\View\View.php(879): Cake\View\View->_render('C:\\xampp\\htdocs...')
#3 C:\xampp\htdocs\ck_editor\vendor\cakephp\cakephp\src\Controller\Controller.php(795): Cake\View\View->render(NULL, NULL)
#4 C:\xampp\htdocs\ck_editor\vendor\cakephp\cakephp\src\Http\ActionDispatcher.php(126): Cake\Controller\Controller->render()
#5 C:\xampp\htdocs\ck_editor\vendor\cakephp\cakephp\src\Http\ActionDispatcher.php(94): Cake\Http\ActionDispatcher->_invoke(Object(App\Controller\PostsController))
#6 C:\xampp\htdocs\ck_editor\vendor\cakephp\cakephp\src\Http\BaseApplication.php(234): Cake\Http\ActionDispatcher->dispatch(Object(Cake\Http\ServerRequest), Object(Cake\Http\Response))
#7 C:\xampp\htdocs\ck_editor\vendor\cakephp\cakephp\src\Http\Runner.php(65): Cake\Http\BaseApplication->__invoke(Object(Cake\Http\ServerRequest), Object(Cake\Http\Response), Object(Cake\Http\Runner))
#8 C:\xampp\htdocs\ck_editor\vendor\cakephp\cakephp\src\Http\Runner.php(65): Cake\Http\Runner->__invoke(Object(Cake\Http\ServerRequest), Object(Cake\Http\Response), Object(Cake\Http\Runner))
#9 C:\xampp\htdocs\ck_editor\vendor\cakephp\cakephp\src\Http\Middleware\CsrfProtectionMiddleware.php(124): Cake\Http\Runner->__invoke(Object(Cake\Http\ServerRequest), Object(Cake\Http\Response))
#10 C:\xampp\htdocs\ck_editor\vendor\cakephp\cakephp\src\Http\Runner.php(65): Cake\Http\Middleware\CsrfProtectionMiddleware->__invoke(Object(Cake\Http\ServerRequest), Object(Cake\Http\Response), Object(Cake\Http\Runner))
#11 C:\xampp\htdocs\ck_editor\vendor\cakephp\cakephp\src\Http\Runner.php(51): Cake\Http\Runner->__invoke(Object(Cake\Http\ServerRequest), Object(Cake\Http\Response))
#12 C:\xampp\htdocs\ck_editor\vendor\cakephp\cakephp\src\Routing\Middleware\RoutingMiddleware.php(168): Cake\Http\Runner->run(Object(Cake\Http\MiddlewareQueue), Object(Cake\Http\ServerRequest), Object(Cake\Http\Response))
#13 C:\xampp\htdocs\ck_editor\vendor\cakephp\cakephp\src\Http\Runner.php(65): Cake\Routing\Middleware\RoutingMiddleware->__invoke(Object(Cake\Http\ServerRequest), Object(Cake\Http\Response), Object(Cake\Http\Runner))
#14 C:\xampp\htdocs\ck_editor\vendor\cakephp\cakephp\src\Routing\Middleware\AssetMiddleware.php(88): Cake\Http\Runner->__invoke(Object(Cake\Http\ServerRequest), Object(Cake\Http\Response))
#15 C:\xampp\htdocs\ck_editor\vendor\cakephp\cakephp\src\Http\Runner.php(65): Cake\Routing\Middleware\AssetMiddleware->__invoke(Object(Cake\Http\ServerRequest), Object(Cake\Http\Response), Object(Cake\Http\Runner))
#16 C:\xampp\htdocs\ck_editor\vendor\cakephp\cakephp\src\Error\Middleware\ErrorHandlerMiddleware.php(96): Cake\Http\Runner->__invoke(Object(Cake\Http\ServerRequest), Object(Cake\Http\Response))
#17 C:\xampp\htdocs\ck_editor\vendor\cakephp\cakephp\src\Http\Runner.php(65): Cake\Error\Middleware\ErrorHandlerMiddleware->__invoke(Object(Cake\Http\ServerRequest), Object(Cake\Http\Response), Object(Cake\Http\Runner))
#18 C:\xampp\htdocs\ck_editor\vendor\cakephp\debug_kit\src\Middleware\DebugKitMiddleware.php(53): Cake\Http\Runner->__invoke(Object(Cake\Http\ServerRequest), Object(Cake\Http\Response))
#19 C:\xampp\htdocs\ck_editor\vendor\cakephp\cakephp\src\Http\Runner.php(65): DebugKit\Middleware\DebugKitMiddleware->__invoke(Object(Cake\Http\ServerRequest), Object(Cake\Http\Response), Object(Cake\Http\Runner))
#20 C:\xampp\htdocs\ck_editor\vendor\cakephp\cakephp\src\Http\Runner.php(51): Cake\Http\Runner->__invoke(Object(Cake\Http\ServerRequest), Object(Cake\Http\Response))
#21 C:\xampp\htdocs\ck_editor\vendor\cakephp\cakephp\src\Http\Server.php(97): Cake\Http\Runner->run(Object(Cake\Http\MiddlewareQueue), Object(Cake\Http\ServerRequest), Object(Cake\Http\Response))
#22 C:\xampp\htdocs\ck_editor\webroot\index.php(40): Cake\Http\Server->run()
#23 {main}
Request URL: /posts/add
Referer URL: http://localhost:8080/ck_editor/


2020-03-16 07:38:19 Error: [Cake\Routing\Exception\MissingControllerException] Controller class Ckfinder could not be found. (C:\xampp\htdocs\ck_editor\vendor\cakephp\cakephp\src\Http\ControllerFactory.php:105)
Exception Attributes: array (
  'class' => 'Ckfinder',
  'plugin' => false,
  'prefix' => false,
  '_ext' => false,
)
#0 C:\xampp\htdocs\ck_editor\vendor\cakephp\cakephp\src\Http\ControllerFactory.php(39): Cake\Http\ControllerFactory->missingController(Object(Cake\Http\ServerRequest))
#1 C:\xampp\htdocs\ck_editor\vendor\cakephp\cakephp\src\Http\ActionDispatcher.php(91): Cake\Http\ControllerFactory->create(Object(Cake\Http\ServerRequest), Object(Cake\Http\Response))
#2 C:\xampp\htdocs\ck_editor\vendor\cakephp\cakephp\src\Http\BaseApplication.php(234): Cake\Http\ActionDispatcher->dispatch(Object(Cake\Http\ServerRequest), Object(Cake\Http\Response))
#3 C:\xampp\htdocs\ck_editor\vendor\cakephp\cakephp\src\Http\Runner.php(65): Cake\Http\BaseApplication->__invoke(Object(Cake\Http\ServerRequest), Object(Cake\Http\Response), Object(Cake\Http\Runner))
#4 C:\xampp\htdocs\ck_editor\vendor\cakephp\cakephp\src\Http\Runner.php(65): Cake\Http\Runner->__invoke(Object(Cake\Http\ServerRequest), Object(Cake\Http\Response), Object(Cake\Http\Runner))
#5 C:\xampp\htdocs\ck_editor\vendor\cakephp\cakephp\src\Http\Middleware\CsrfProtectionMiddleware.php(124): Cake\Http\Runner->__invoke(Object(Cake\Http\ServerRequest), Object(Cake\Http\Response))
#6 C:\xampp\htdocs\ck_editor\vendor\cakephp\cakephp\src\Http\Runner.php(65): Cake\Http\Middleware\CsrfProtectionMiddleware->__invoke(Object(Cake\Http\ServerRequest), Object(Cake\Http\Response), Object(Cake\Http\Runner))
#7 C:\xampp\htdocs\ck_editor\vendor\cakephp\cakephp\src\Http\Runner.php(51): Cake\Http\Runner->__invoke(Object(Cake\Http\ServerRequest), Object(Cake\Http\Response))
#8 C:\xampp\htdocs\ck_editor\vendor\cakephp\cakephp\src\Routing\Middleware\RoutingMiddleware.php(168): Cake\Http\Runner->run(Object(Cake\Http\MiddlewareQueue), Object(Cake\Http\ServerRequest), Object(Cake\Http\Response))
#9 C:\xampp\htdocs\ck_editor\vendor\cakephp\cakephp\src\Http\Runner.php(65): Cake\Routing\Middleware\RoutingMiddleware->__invoke(Object(Cake\Http\ServerRequest), Object(Cake\Http\Response), Object(Cake\Http\Runner))
#10 C:\xampp\htdocs\ck_editor\vendor\cakephp\cakephp\src\Routing\Middleware\AssetMiddleware.php(97): Cake\Http\Runner->__invoke(Object(Cake\Http\ServerRequest), Object(Cake\Http\Response))
#11 C:\xampp\htdocs\ck_editor\vendor\cakephp\cakephp\src\Http\Runner.php(65): Cake\Routing\Middleware\AssetMiddleware->__invoke(Object(Cake\Http\ServerRequest), Object(Cake\Http\Response), Object(Cake\Http\Runner))
#12 C:\xampp\htdocs\ck_editor\vendor\cakephp\cakephp\src\Error\Middleware\ErrorHandlerMiddleware.php(96): Cake\Http\Runner->__invoke(Object(Cake\Http\ServerRequest), Object(Cake\Http\Response))
#13 C:\xampp\htdocs\ck_editor\vendor\cakephp\cakephp\src\Http\Runner.php(65): Cake\Error\Middleware\ErrorHandlerMiddleware->__invoke(Object(Cake\Http\ServerRequest), Object(Cake\Http\Response), Object(Cake\Http\Runner))
#14 C:\xampp\htdocs\ck_editor\vendor\cakephp\debug_kit\src\Middleware\DebugKitMiddleware.php(53): Cake\Http\Runner->__invoke(Object(Cake\Http\ServerRequest), Object(Cake\Http\Response))
#15 C:\xampp\htdocs\ck_editor\vendor\cakephp\cakephp\src\Http\Runner.php(65): DebugKit\Middleware\DebugKitMiddleware->__invoke(Object(Cake\Http\ServerRequest), Object(Cake\Http\Response), Object(Cake\Http\Runner))
#16 C:\xampp\htdocs\ck_editor\vendor\cakephp\cakephp\src\Http\Runner.php(51): Cake\Http\Runner->__invoke(Object(Cake\Http\ServerRequest), Object(Cake\Http\Response))
#17 C:\xampp\htdocs\ck_editor\vendor\cakephp\cakephp\src\Http\Server.php(97): Cake\Http\Runner->run(Object(Cake\Http\MiddlewareQueue), Object(Cake\Http\ServerRequest), Object(Cake\Http\Response))
#18 C:\xampp\htdocs\ck_editor\webroot\index.php(40): Cake\Http\Server->run()
#19 {main}
Request URL: /ckfinder/ckfinder.html?type=Images&CKEditor=newscontent&CKEditorFuncNum=1&langCode=en
Referer URL: http://localhost:8080/ck_editor/posts/add


2020-03-16 07:42:22 Error: [Cake\Routing\Exception\MissingControllerException] Controller class Webroot could not be found. (C:\xampp\htdocs\ck_editor\vendor\cakephp\cakephp\src\Http\ControllerFactory.php:105)
Exception Attributes: array (
  'class' => 'Webroot',
  'plugin' => false,
  'prefix' => false,
  '_ext' => false,
)
#0 C:\xampp\htdocs\ck_editor\vendor\cakephp\cakephp\src\Http\ControllerFactory.php(39): Cake\Http\ControllerFactory->missingController(Object(Cake\Http\ServerRequest))
#1 C:\xampp\htdocs\ck_editor\vendor\cakephp\cakephp\src\Http\ActionDispatcher.php(91): Cake\Http\ControllerFactory->create(Object(Cake\Http\ServerRequest), Object(Cake\Http\Response))
#2 C:\xampp\htdocs\ck_editor\vendor\cakephp\cakephp\src\Http\BaseApplication.php(234): Cake\Http\ActionDispatcher->dispatch(Object(Cake\Http\ServerRequest), Object(Cake\Http\Response))
#3 C:\xampp\htdocs\ck_editor\vendor\cakephp\cakephp\src\Http\Runner.php(65): Cake\Http\BaseApplication->__invoke(Object(Cake\Http\ServerRequest), Object(Cake\Http\Response), Object(Cake\Http\Runner))
#4 C:\xampp\htdocs\ck_editor\vendor\cakephp\cakephp\src\Http\Runner.php(65): Cake\Http\Runner->__invoke(Object(Cake\Http\ServerRequest), Object(Cake\Http\Response), Object(Cake\Http\Runner))
#5 C:\xampp\htdocs\ck_editor\vendor\cakephp\cakephp\src\Http\Middleware\CsrfProtectionMiddleware.php(124): Cake\Http\Runner->__invoke(Object(Cake\Http\ServerRequest), Object(Cake\Http\Response))
#6 C:\xampp\htdocs\ck_editor\vendor\cakephp\cakephp\src\Http\Runner.php(65): Cake\Http\Middleware\CsrfProtectionMiddleware->__invoke(Object(Cake\Http\ServerRequest), Object(Cake\Http\Response), Object(Cake\Http\Runner))
#7 C:\xampp\htdocs\ck_editor\vendor\cakephp\cakephp\src\Http\Runner.php(51): Cake\Http\Runner->__invoke(Object(Cake\Http\ServerRequest), Object(Cake\Http\Response))
#8 C:\xampp\htdocs\ck_editor\vendor\cakephp\cakephp\src\Routing\Middleware\RoutingMiddleware.php(168): Cake\Http\Runner->run(Object(Cake\Http\MiddlewareQueue), Object(Cake\Http\ServerRequest), Object(Cake\Http\Response))
#9 C:\xampp\htdocs\ck_editor\vendor\cakephp\cakephp\src\Http\Runner.php(65): Cake\Routing\Middleware\RoutingMiddleware->__invoke(Object(Cake\Http\ServerRequest), Object(Cake\Http\Response), Object(Cake\Http\Runner))
#10 C:\xampp\htdocs\ck_editor\vendor\cakephp\cakephp\src\Routing\Middleware\AssetMiddleware.php(97): Cake\Http\Runner->__invoke(Object(Cake\Http\ServerRequest), Object(Cake\Http\Response))
#11 C:\xampp\htdocs\ck_editor\vendor\cakephp\cakephp\src\Http\Runner.php(65): Cake\Routing\Middleware\AssetMiddleware->__invoke(Object(Cake\Http\ServerRequest), Object(Cake\Http\Response), Object(Cake\Http\Runner))
#12 C:\xampp\htdocs\ck_editor\vendor\cakephp\cakephp\src\Error\Middleware\ErrorHandlerMiddleware.php(96): Cake\Http\Runner->__invoke(Object(Cake\Http\ServerRequest), Object(Cake\Http\Response))
#13 C:\xampp\htdocs\ck_editor\vendor\cakephp\cakephp\src\Http\Runner.php(65): Cake\Error\Middleware\ErrorHandlerMiddleware->__invoke(Object(Cake\Http\ServerRequest), Object(Cake\Http\Response), Object(Cake\Http\Runner))
#14 C:\xampp\htdocs\ck_editor\vendor\cakephp\debug_kit\src\Middleware\DebugKitMiddleware.php(53): Cake\Http\Runner->__invoke(Object(Cake\Http\ServerRequest), Object(Cake\Http\Response))
#15 C:\xampp\htdocs\ck_editor\vendor\cakephp\cakephp\src\Http\Runner.php(65): DebugKit\Middleware\DebugKitMiddleware->__invoke(Object(Cake\Http\ServerRequest), Object(Cake\Http\Response), Object(Cake\Http\Runner))
#16 C:\xampp\htdocs\ck_editor\vendor\cakephp\cakephp\src\Http\Runner.php(51): Cake\Http\Runner->__invoke(Object(Cake\Http\ServerRequest), Object(Cake\Http\Response))
#17 C:\xampp\htdocs\ck_editor\vendor\cakephp\cakephp\src\Http\Server.php(97): Cake\Http\Runner->run(Object(Cake\Http\MiddlewareQueue), Object(Cake\Http\ServerRequest), Object(Cake\Http\Response))
#18 C:\xampp\htdocs\ck_editor\webroot\index.php(40): Cake\Http\Server->run()
#19 {main}
Request URL: /webroot/ckfinder/ckfinder.html?type=Images&CKEditor=newscontent&CKEditorFuncNum=1&langCode=en
Referer URL: http://localhost:8080/ck_editor/posts/add


2020-03-16 08:01:43 Error: [Cake\Routing\Exception\MissingControllerException] Controller class Js could not be found. (C:\xampp\htdocs\ck_editor\vendor\cakephp\cakephp\src\Http\ControllerFactory.php:105)
Exception Attributes: array (
  'class' => 'Js',
  'plugin' => false,
  'prefix' => false,
  '_ext' => false,
)
#0 C:\xampp\htdocs\ck_editor\vendor\cakephp\cakephp\src\Http\ControllerFactory.php(39): Cake\Http\ControllerFactory->missingController(Object(Cake\Http\ServerRequest))
#1 C:\xampp\htdocs\ck_editor\vendor\cakephp\cakephp\src\Http\ActionDispatcher.php(91): Cake\Http\ControllerFactory->create(Object(Cake\Http\ServerRequest), Object(Cake\Http\Response))
#2 C:\xampp\htdocs\ck_editor\vendor\cakephp\cakephp\src\Http\BaseApplication.php(234): Cake\Http\ActionDispatcher->dispatch(Object(Cake\Http\ServerRequest), Object(Cake\Http\Response))
#3 C:\xampp\htdocs\ck_editor\vendor\cakephp\cakephp\src\Http\Runner.php(65): Cake\Http\BaseApplication->__invoke(Object(Cake\Http\ServerRequest), Object(Cake\Http\Response), Object(Cake\Http\Runner))
#4 C:\xampp\htdocs\ck_editor\vendor\cakephp\cakephp\src\Http\Runner.php(65): Cake\Http\Runner->__invoke(Object(Cake\Http\ServerRequest), Object(Cake\Http\Response), Object(Cake\Http\Runner))
#5 C:\xampp\htdocs\ck_editor\vendor\cakephp\cakephp\src\Http\Middleware\CsrfProtectionMiddleware.php(124): Cake\Http\Runner->__invoke(Object(Cake\Http\ServerRequest), Object(Cake\Http\Response))
#6 C:\xampp\htdocs\ck_editor\vendor\cakephp\cakephp\src\Http\Runner.php(65): Cake\Http\Middleware\CsrfProtectionMiddleware->__invoke(Object(Cake\Http\ServerRequest), Object(Cake\Http\Response), Object(Cake\Http\Runner))
#7 C:\xampp\htdocs\ck_editor\vendor\cakephp\cakephp\src\Http\Runner.php(51): Cake\Http\Runner->__invoke(Object(Cake\Http\ServerRequest), Object(Cake\Http\Response))
#8 C:\xampp\htdocs\ck_editor\vendor\cakephp\cakephp\src\Routing\Middleware\RoutingMiddleware.php(168): Cake\Http\Runner->run(Object(Cake\Http\MiddlewareQueue), Object(Cake\Http\ServerRequest), Object(Cake\Http\Response))
#9 C:\xampp\htdocs\ck_editor\vendor\cakephp\cakephp\src\Http\Runner.php(65): Cake\Routing\Middleware\RoutingMiddleware->__invoke(Object(Cake\Http\ServerRequest), Object(Cake\Http\Response), Object(Cake\Http\Runner))
#10 C:\xampp\htdocs\ck_editor\vendor\cakephp\cakephp\src\Routing\Middleware\AssetMiddleware.php(97): Cake\Http\Runner->__invoke(Object(Cake\Http\ServerRequest), Object(Cake\Http\Response))
#11 C:\xampp\htdocs\ck_editor\vendor\cakephp\cakephp\src\Http\Runner.php(65): Cake\Routing\Middleware\AssetMiddleware->__invoke(Object(Cake\Http\ServerRequest), Object(Cake\Http\Response), Object(Cake\Http\Runner))
#12 C:\xampp\htdocs\ck_editor\vendor\cakephp\cakephp\src\Error\Middleware\ErrorHandlerMiddleware.php(96): Cake\Http\Runner->__invoke(Object(Cake\Http\ServerRequest), Object(Cake\Http\Response))
#13 C:\xampp\htdocs\ck_editor\vendor\cakephp\cakephp\src\Http\Runner.php(65): Cake\Error\Middleware\ErrorHandlerMiddleware->__invoke(Object(Cake\Http\ServerRequest), Object(Cake\Http\Response), Object(Cake\Http\Runner))
#14 C:\xampp\htdocs\ck_editor\vendor\cakephp\debug_kit\src\Middleware\DebugKitMiddleware.php(53): Cake\Http\Runner->__invoke(Object(Cake\Http\ServerRequest), Object(Cake\Http\Response))
#15 C:\xampp\htdocs\ck_editor\vendor\cakephp\cakephp\src\Http\Runner.php(65): DebugKit\Middleware\DebugKitMiddleware->__invoke(Object(Cake\Http\ServerRequest), Object(Cake\Http\Response), Object(Cake\Http\Runner))
#16 C:\xampp\htdocs\ck_editor\vendor\cakephp\cakephp\src\Http\Runner.php(51): Cake\Http\Runner->__invoke(Object(Cake\Http\ServerRequest), Object(Cake\Http\Response))
#17 C:\xampp\htdocs\ck_editor\vendor\cakephp\cakephp\src\Http\Server.php(97): Cake\Http\Runner->run(Object(Cake\Http\MiddlewareQueue), Object(Cake\Http\ServerRequest), Object(Cake\Http\Response))
#18 C:\xampp\htdocs\ck_editor\webroot\index.php(40): Cake\Http\Server->run()
#19 {main}
Request URL: /js/ckfinder/ckfinder.js
Referer URL: http://localhost:8080/ck_editor/posts/add


